{"/home/rinzlo/Projects/Express/hatchways-practice/app.js": {"path":"/home/rinzlo/Projects/Express/hatchways-practice/app.js","statementMap":{"0":{"start":{"line":1,"column":16},"end":{"line":1,"column":34}},"1":{"start":{"line":2,"column":19},"end":{"line":2,"column":41}},"2":{"start":{"line":3,"column":15},"end":{"line":3,"column":42}},"3":{"start":{"line":5,"column":12},"end":{"line":5,"column":21}},"4":{"start":{"line":6,"column":0},"end":{"line":6,"column":33}},"5":{"start":{"line":7,"column":0},"end":{"line":7,"column":27}},"6":{"start":{"line":9,"column":0},"end":{"line":9,"column":29}},"7":{"start":{"line":11,"column":0},"end":{"line":11,"column":21}}},"fnMap":{},"branchMap":{},"s":{"0":1,"1":1,"2":1,"3":1,"4":1,"5":1,"6":1,"7":1},"f":{},"b":{},"_coverageSchema":"1a1c01bbd47fc00a2c39e90264f33305004495a9","hash":"541b4d275d948c44e4a71f80d0617cb2fc2b9f15"}
,"/home/rinzlo/Projects/Express/hatchways-practice/routes/recipes.js": {"path":"/home/rinzlo/Projects/Express/hatchways-practice/routes/recipes.js","statementMap":{"0":{"start":{"line":1,"column":16},"end":{"line":1,"column":34}},"1":{"start":{"line":2,"column":13},"end":{"line":2,"column":37}},"2":{"start":{"line":3,"column":15},"end":{"line":3,"column":31}},"3":{"start":{"line":5,"column":0},"end":{"line":8,"column":3}},"4":{"start":{"line":6,"column":16},"end":{"line":6,"column":55}},"5":{"start":{"line":6,"column":43},"end":{"line":6,"column":54}},"6":{"start":{"line":7,"column":2},"end":{"line":7,"column":35}},"7":{"start":{"line":10,"column":0},"end":{"line":19,"column":3}},"8":{"start":{"line":11,"column":15},"end":{"line":11,"column":30}},"9":{"start":{"line":12,"column":17},"end":{"line":12,"column":66}},"10":{"start":{"line":12,"column":45},"end":{"line":12,"column":65}},"11":{"start":{"line":13,"column":2},"end":{"line":18,"column":17}},"12":{"start":{"line":14,"column":42},"end":{"line":14,"column":48}},"13":{"start":{"line":15,"column":21},"end":{"line":15,"column":40}},"14":{"start":{"line":16,"column":4},"end":{"line":16,"column":53}},"15":{"start":{"line":18,"column":4},"end":{"line":18,"column":17}},"16":{"start":{"line":21,"column":0},"end":{"line":30,"column":3}},"17":{"start":{"line":22,"column":46},"end":{"line":22,"column":54}},"18":{"start":{"line":23,"column":17},"end":{"line":23,"column":68}},"19":{"start":{"line":23,"column":47},"end":{"line":23,"column":67}},"20":{"start":{"line":24,"column":2},"end":{"line":29,"column":3}},"21":{"start":{"line":25,"column":4},"end":{"line":25,"column":61}},"22":{"start":{"line":27,"column":4},"end":{"line":27,"column":59}},"23":{"start":{"line":28,"column":4},"end":{"line":28,"column":27}},"24":{"start":{"line":32,"column":0},"end":{"line":42,"column":3}},"25":{"start":{"line":33,"column":46},"end":{"line":33,"column":54}},"26":{"start":{"line":34,"column":17},"end":{"line":34,"column":66}},"27":{"start":{"line":34,"column":45},"end":{"line":34,"column":65}},"28":{"start":{"line":35,"column":2},"end":{"line":41,"column":3}},"29":{"start":{"line":36,"column":4},"end":{"line":36,"column":37}},"30":{"start":{"line":37,"column":4},"end":{"line":37,"column":39}},"31":{"start":{"line":38,"column":4},"end":{"line":38,"column":29}},"32":{"start":{"line":40,"column":4},"end":{"line":40,"column":61}},"33":{"start":{"line":44,"column":0},"end":{"line":44,"column":24}}},"fnMap":{"0":{"name":"(anonymous_0)","decl":{"start":{"line":5,"column":16},"end":{"line":5,"column":17}},"loc":{"start":{"line":5,"column":28},"end":{"line":8,"column":1}},"line":5},"1":{"name":"(anonymous_1)","decl":{"start":{"line":6,"column":33},"end":{"line":6,"column":34}},"loc":{"start":{"line":6,"column":43},"end":{"line":6,"column":54}},"line":6},"2":{"name":"(anonymous_2)","decl":{"start":{"line":10,"column":29},"end":{"line":10,"column":30}},"loc":{"start":{"line":10,"column":43},"end":{"line":19,"column":1}},"line":10},"3":{"name":"(anonymous_3)","decl":{"start":{"line":12,"column":35},"end":{"line":12,"column":36}},"loc":{"start":{"line":12,"column":45},"end":{"line":12,"column":65}},"line":12},"4":{"name":"(anonymous_4)","decl":{"start":{"line":21,"column":17},"end":{"line":21,"column":18}},"loc":{"start":{"line":21,"column":31},"end":{"line":30,"column":1}},"line":21},"5":{"name":"(anonymous_5)","decl":{"start":{"line":23,"column":37},"end":{"line":23,"column":38}},"loc":{"start":{"line":23,"column":47},"end":{"line":23,"column":67}},"line":23},"6":{"name":"(anonymous_6)","decl":{"start":{"line":32,"column":16},"end":{"line":32,"column":17}},"loc":{"start":{"line":32,"column":30},"end":{"line":42,"column":1}},"line":32},"7":{"name":"(anonymous_7)","decl":{"start":{"line":34,"column":35},"end":{"line":34,"column":36}},"loc":{"start":{"line":34,"column":45},"end":{"line":34,"column":65}},"line":34}},"branchMap":{"0":{"loc":{"start":{"line":13,"column":2},"end":{"line":18,"column":17}},"type":"if","locations":[{"start":{"line":13,"column":2},"end":{"line":18,"column":17}},{"start":{"line":18,"column":4},"end":{"line":18,"column":17}}],"line":13},"1":{"loc":{"start":{"line":24,"column":2},"end":{"line":29,"column":3}},"type":"if","locations":[{"start":{"line":24,"column":2},"end":{"line":29,"column":3}},{"start":{"line":26,"column":7},"end":{"line":29,"column":3}}],"line":24},"2":{"loc":{"start":{"line":35,"column":2},"end":{"line":41,"column":3}},"type":"if","locations":[{"start":{"line":35,"column":2},"end":{"line":41,"column":3}},{"start":{"line":39,"column":9},"end":{"line":41,"column":3}}],"line":35}},"s":{"0":1,"1":1,"2":1,"3":1,"4":5,"5":17,"6":5,"7":1,"8":3,"9":3,"10":9,"11":3,"12":2,"13":2,"14":2,"15":1,"16":1,"17":2,"18":2,"19":7,"20":2,"21":1,"22":1,"23":1,"24":1,"25":2,"26":2,"27":8,"28":2,"29":1,"30":1,"31":1,"32":1,"33":1},"f":{"0":5,"1":17,"2":3,"3":9,"4":2,"5":7,"6":2,"7":8},"b":{"0":[2,1],"1":[1,1],"2":[1,1]},"_coverageSchema":"1a1c01bbd47fc00a2c39e90264f33305004495a9","hash":"1daf022ee867f485240195ba2480079bc3527234"}
}
