TN:
SF:app.js
FNF:0
FNH:0
DA:1,1
DA:2,1
DA:3,1
DA:5,1
DA:6,1
DA:7,1
DA:9,1
DA:11,1
LF:8
LH:8
BRF:0
BRH:0
end_of_record
TN:
SF:routes/recipes.js
FN:5,(anonymous_0)
FN:6,(anonymous_1)
FN:10,(anonymous_2)
FN:12,(anonymous_3)
FN:21,(anonymous_4)
FN:23,(anonymous_5)
FN:32,(anonymous_6)
FN:34,(anonymous_7)
FNF:8
FNH:8
FNDA:5,(anonymous_0)
FNDA:17,(anonymous_1)
FNDA:3,(anonymous_2)
FNDA:9,(anonymous_3)
FNDA:2,(anonymous_4)
FNDA:7,(anonymous_5)
FNDA:2,(anonymous_6)
FNDA:8,(anonymous_7)
DA:1,1
DA:2,1
DA:3,1
DA:5,1
DA:6,17
DA:7,5
DA:10,1
DA:11,3
DA:12,9
DA:13,3
DA:14,2
DA:15,2
DA:16,2
DA:18,1
DA:21,1
DA:22,2
DA:23,7
DA:24,2
DA:25,1
DA:27,1
DA:28,1
DA:32,1
DA:33,2
DA:34,8
DA:35,2
DA:36,1
DA:37,1
DA:38,1
DA:40,1
DA:44,1
LF:30
LH:30
BRDA:13,0,0,2
BRDA:13,0,1,1
BRDA:24,1,0,1
BRDA:24,1,1,1
BRDA:35,2,0,1
BRDA:35,2,1,1
BRF:6
BRH:6
end_of_record
